<?xml version="1.0" encoding="UTF-8"?>
<!-- Generated by org.testng.reporters.JUnitXMLReporter -->
<testsuite ignored="0" hostname="Noman" failures="0" tests="10" name="Test" time="0.105" errors="0" timestamp="2023-12-01T22:34:17 PKT">
  <testcase classname="JavaAutomation.First.Lect8New1" name="test" time="0.013"/>
  <testcase classname="JavaAutomation.First.Lect8New1" name="test1" time="0.003"/>
  <testcase classname="JavaAutomation.First.Lect8New1" name="test2" time="0.002"/>
  <testcase classname="JavaAutomation.First.Lect8New1" name="test3" time="0.002"/>
  <testcase classname="JavaAutomation.First.Lect8New2" name="group1" time="0.002"/>
  <testcase classname="JavaAutomation.First.Lect8New2" name="group2" time="0.002"/>
  <testcase classname="JavaAutomation.First.Lect8New3" name="group1" time="0.002"/>
  <testcase classname="JavaAutomation.First.Lect8New3" name="group2" time="0.002"/>
  <testcase classname="JavaAutomation.First.Lect8New4" name="group1" time="0.001"/>
  <testcase classname="JavaAutomation.First.Lect8New4" name="group2" time="0.002"/>
</testsuite> <!-- Test -->
