<?xml version="1.0" encoding="UTF-8"?>
<testng-results ignored="0" total="1" passed="1" failed="0" skipped="0">
  <reporter-output>
  </reporter-output>
  <suite started-at="2023-12-07T19:44:43 PKT" name="Default suite" finished-at="2023-12-07T19:45:17 PKT" duration-ms="34651">
    <groups>
    </groups>
    <test started-at="2023-12-07T19:44:43 PKT" name="Default test" finished-at="2023-12-07T19:45:17 PKT" duration-ms="34651">
      <class name="JavaAutomation.First.Telepsych_Cases_Create">
        <test-method signature="login()[pri:0, instance:JavaAutomation.First.Telepsych_Cases_Create@3c73951]" started-at="2023-12-07T19:44:43 PKT" name="login" finished-at="2023-12-07T19:45:17 PKT" duration-ms="34581" status="PASS">
          <reporter-output>
          </reporter-output>
        </test-method> <!-- login -->
      </class> <!-- JavaAutomation.First.Telepsych_Cases_Create -->
    </test> <!-- Default test -->
  </suite> <!-- Default suite -->
</testng-results>
